{
  "stats": {
    "suites": 5,
    "tests": 12,
    "passes": 12,
    "pending": 0,
    "failures": 0,
    "start": "2025-09-12T12:44:53.657Z",
    "end": "2025-09-12T12:47:10.477Z",
    "duration": 136820,
    "testsRegistered": 12,
    "passPercent": 100,
    "pendingPercent": 0,
    "other": 0,
    "hasOther": false,
    "skipped": 0,
    "hasSkipped": false
  },
  "results": [
    {
      "uuid": "4d8896f3-5afd-45a7-a93e-ec86ed1b3bc8",
      "title": "",
      "fullFile": "",
      "file": "",
      "beforeHooks": [],
      "afterHooks": [],
      "tests": [],
      "suites": [
        {
          "uuid": "461c652f-6461-40e3-8402-5e3a2b05d769",
          "title": "Add product to cart test cases",
          "fullFile": "/Users/acquaint/Selenium-js-automation/selenium-js-automation/test/testcases/addProductToCart.test.js",
          "file": "/test/testcases/addProductToCart.test.js",
          "beforeHooks": [
            {
              "title": "\"before each\" hook in \"Add product to cart test cases\"",
              "fullTitle": "Add product to cart test cases \"before each\" hook in \"Add product to cart test cases\"",
              "timedOut": false,
              "duration": 10087,
              "state": null,
              "speed": null,
              "pass": false,
              "fail": false,
              "pending": false,
              "context": null,
              "code": "this.timeout(30000);\ndriver = await getDriver();\nloginPage = new LoginPage(driver);\naddProductToCartPage = new AddProductToCartPage(driver);\nawait loginPage.open();\nawait loginPage.selectCountryCode();\nawait loginPage.enterMobileNumber(process.env.VALID_MNUMBER);\nawait loginPage.enterPassword(process.env.VALID_PASSWORD);\nawait loginPage.clickLogin();\nawait driver.sleep(5000);\nconst currentUrl = await driver.getCurrentUrl();\nexpect(currentUrl.includes('/dashboard')).to.be.true;",
              "err": {},
              "uuid": "9552d897-89c9-4fa9-92d4-78f0b545fe9e",
              "parentUUID": "461c652f-6461-40e3-8402-5e3a2b05d769",
              "isHook": true,
              "skipped": false
            }
          ],
          "afterHooks": [
            {
              "title": "\"after each\" hook in \"Add product to cart test cases\"",
              "fullTitle": "Add product to cart test cases \"after each\" hook in \"Add product to cart test cases\"",
              "timedOut": false,
              "duration": 56,
              "state": null,
              "speed": null,
              "pass": false,
              "fail": false,
              "pending": false,
              "context": null,
              "code": "await quitDriver(driver);",
              "err": {},
              "uuid": "c68c7bdc-1ab8-4a7d-a660-9aeab4dd7035",
              "parentUUID": "461c652f-6461-40e3-8402-5e3a2b05d769",
              "isHook": true,
              "skipped": false
            }
          ],
          "tests": [
            {
              "title": "Add product to cart",
              "fullTitle": "Add product to cart test cases Add product to cart",
              "timedOut": false,
              "duration": 7377,
              "state": "passed",
              "speed": "slow",
              "pass": true,
              "fail": false,
              "pending": false,
              "context": null,
              "code": "this.timeout(10000);\nawait addProductToCartPage.open();\nthis.timeout(10000);\nawait addProductToCartPage.clickOnAddToCartButton();\nawait addProductToCartPage.clickAlertAddCartBtn();",
              "err": {},
              "uuid": "49eec441-d892-4c0e-8e6f-0f39802ee0db",
              "parentUUID": "461c652f-6461-40e3-8402-5e3a2b05d769",
              "isHook": false,
              "skipped": false
            },
            {
              "title": "Buy Now product",
              "fullTitle": "Add product to cart test cases Buy Now product",
              "timedOut": false,
              "duration": 13178,
              "state": "passed",
              "speed": "slow",
              "pass": true,
              "fail": false,
              "pending": false,
              "context": null,
              "code": "this.timeout(10000);\nawait addProductToCartPage.open();\nthis.timeout(20000);\nawait addProductToCartPage.clickOnAddToCartButton();\nawait addProductToCartPage.clickAlertBuyNowBtn();\nconst currentUrl = await driver.getCurrentUrl();\nexpect(currentUrl).to.include('/checkout');",
              "err": {},
              "uuid": "ef4614a3-964d-4bdc-9cf4-faf742041240",
              "parentUUID": "461c652f-6461-40e3-8402-5e3a2b05d769",
              "isHook": false,
              "skipped": false
            }
          ],
          "suites": [],
          "passes": [
            "49eec441-d892-4c0e-8e6f-0f39802ee0db",
            "ef4614a3-964d-4bdc-9cf4-faf742041240"
          ],
          "failures": [],
          "pending": [],
          "skipped": [],
          "duration": 20555,
          "root": false,
          "rootEmpty": false,
          "_timeout": 10000
        },
        {
          "uuid": "915ea1be-4fcd-4714-9f5f-724da02eb226",
          "title": "Favorite and Compare Events Test Cases",
          "fullFile": "/Users/acquaint/Selenium-js-automation/selenium-js-automation/test/testcases/favoriteCompareEvents.test.js",
          "file": "/test/testcases/favoriteCompareEvents.test.js",
          "beforeHooks": [
            {
              "title": "\"before each\" hook in \"Favorite and Compare Events Test Cases\"",
              "fullTitle": "Favorite and Compare Events Test Cases \"before each\" hook in \"Favorite and Compare Events Test Cases\"",
              "timedOut": false,
              "duration": 5478,
              "state": null,
              "speed": null,
              "pass": false,
              "fail": false,
              "pending": false,
              "context": null,
              "code": "this.timeout(30000);\ndriver = await getDriver();\nloginPage = new LoginPage(driver);\naddProductToCartPage = new AddProductToCartPage(driver);\nfavoriteCompareEventPage = new FavoriteCompareEventPage(driver);\nawait favoriteCompareEventPage.open();",
              "err": {},
              "uuid": "3c96965a-aa53-4d9f-95c6-1239205d5749",
              "parentUUID": "915ea1be-4fcd-4714-9f5f-724da02eb226",
              "isHook": true,
              "skipped": false
            }
          ],
          "afterHooks": [
            {
              "title": "\"after each\" hook in \"Favorite and Compare Events Test Cases\"",
              "fullTitle": "Favorite and Compare Events Test Cases \"after each\" hook in \"Favorite and Compare Events Test Cases\"",
              "timedOut": false,
              "duration": 53,
              "state": null,
              "speed": null,
              "pass": false,
              "fail": false,
              "pending": false,
              "context": null,
              "code": "await quitDriver(driver);",
              "err": {},
              "uuid": "4d1e8f25-dc14-4e3e-8931-03e8bbaa8538",
              "parentUUID": "915ea1be-4fcd-4714-9f5f-724da02eb226",
              "isHook": true,
              "skipped": false
            }
          ],
          "tests": [
            {
              "title": "Add event to favorite as a non-logged in user",
              "fullTitle": "Favorite and Compare Events Test Cases Add event to favorite as a non-logged in user",
              "timedOut": false,
              "duration": 3143,
              "state": "passed",
              "speed": "slow",
              "pass": true,
              "fail": false,
              "pending": false,
              "context": null,
              "code": "this.timeout(50000);\nawait favoriteCompareEventPage.clickOnHeartIcon();\nconst errorMessage = await favoriteCompareEventPage.getErrorMessage();\nconsole.log(errorMessage);\nexpect(errorMessage).to.match(new RegExp(process.env.LIKE_ERROR_MESSAGE));",
              "err": {},
              "uuid": "a28b7a7a-8915-4e0f-ab8f-6ffa61922c4e",
              "parentUUID": "915ea1be-4fcd-4714-9f5f-724da02eb226",
              "isHook": false,
              "skipped": false
            },
            {
              "title": "Add event to compare as a non-logged in user",
              "fullTitle": "Favorite and Compare Events Test Cases Add event to compare as a non-logged in user",
              "timedOut": false,
              "duration": 3346,
              "state": "passed",
              "speed": "slow",
              "pass": true,
              "fail": false,
              "pending": false,
              "context": null,
              "code": "this.timeout(50000);\nawait favoriteCompareEventPage.clickOnCompareIcon();\nthis.timeout(100000);\nconst errorMessage = await favoriteCompareEventPage.getErrorMessage();\nconsole.log(errorMessage);\nexpect(errorMessage).to.match(new RegExp(process.env.COMPARE_VALIDATION_MESSAGE));",
              "err": {},
              "uuid": "cd9a93aa-b677-449c-98d2-5c7e91d53b66",
              "parentUUID": "915ea1be-4fcd-4714-9f5f-724da02eb226",
              "isHook": false,
              "skipped": false
            }
          ],
          "suites": [],
          "passes": [
            "a28b7a7a-8915-4e0f-ab8f-6ffa61922c4e",
            "cd9a93aa-b677-449c-98d2-5c7e91d53b66"
          ],
          "failures": [],
          "pending": [],
          "skipped": [],
          "duration": 6489,
          "root": false,
          "rootEmpty": false,
          "_timeout": 10000
        },
        {
          "uuid": "66ce7885-b97b-407a-96bc-a5eddf1409d6",
          "title": "Login page test cases",
          "fullFile": "/Users/acquaint/Selenium-js-automation/selenium-js-automation/test/testcases/login.test.js",
          "file": "/test/testcases/login.test.js",
          "beforeHooks": [
            {
              "title": "\"before each\" hook in \"Login page test cases\"",
              "fullTitle": "Login page test cases \"before each\" hook in \"Login page test cases\"",
              "timedOut": false,
              "duration": 2136,
              "state": null,
              "speed": null,
              "pass": false,
              "fail": false,
              "pending": false,
              "context": null,
              "code": "this.timeout(30000);    \n    driver = await getDriver();\n    loginPage = new LoginPage(driver);\n    await loginPage.open();",
              "err": {},
              "uuid": "49405f9e-4d0f-4e88-89f5-28896ccdeff8",
              "parentUUID": "66ce7885-b97b-407a-96bc-a5eddf1409d6",
              "isHook": true,
              "skipped": false
            }
          ],
          "afterHooks": [
            {
              "title": "\"after each\" hook in \"Login page test cases\"",
              "fullTitle": "Login page test cases \"after each\" hook in \"Login page test cases\"",
              "timedOut": false,
              "duration": 55,
              "state": null,
              "speed": null,
              "pass": false,
              "fail": false,
              "pending": false,
              "context": null,
              "code": "await quitDriver(driver);",
              "err": {},
              "uuid": "1d769051-1d8e-43a2-9203-f96f64a9b2e0",
              "parentUUID": "66ce7885-b97b-407a-96bc-a5eddf1409d6",
              "isHook": true,
              "skipped": false
            }
          ],
          "tests": [
            {
              "title": "Login with valid credentials",
              "fullTitle": "Login page test cases Login with valid credentials",
              "timedOut": false,
              "duration": 7195,
              "state": "passed",
              "speed": "slow",
              "pass": true,
              "fail": false,
              "pending": false,
              "context": null,
              "code": "this.timeout(30000);\nawait loginPage.changeToEmail();\nawait loginPage.enterUsername(process.env.VALID_USERNAME);\nawait loginPage.enterPassword(process.env.VALID_PASSWORD);\nawait loginPage.clickLogin();\nawait driver.sleep(5000);\nconst currentUrl = await driver.getCurrentUrl();\nconsole.log(currentUrl);\nexpect(currentUrl.includes('/dashboard')).to.be.true;",
              "err": {},
              "uuid": "bee2786c-79d0-42ab-915a-2dfb01c63c28",
              "parentUUID": "66ce7885-b97b-407a-96bc-a5eddf1409d6",
              "isHook": false,
              "skipped": false
            },
            {
              "title": "Login with invalid credentials",
              "fullTitle": "Login page test cases Login with invalid credentials",
              "timedOut": false,
              "duration": 5334,
              "state": "passed",
              "speed": "slow",
              "pass": true,
              "fail": false,
              "pending": false,
              "context": null,
              "code": "this.timeout(30000);\nawait loginPage.changeToEmail();\nawait loginPage.enterUsername(process.env.INVALID_USERNAME);\nawait loginPage.enterPassword(process.env.INVALID_PASSWORD);\nawait loginPage.clickLogin();\n//const currentUrl = await driver.getCurrentUrl();\n//expect(currentUrl.includes('/dashboard')).to.be.false; \nthis.timeout(10000);\nconst errorMessage = await loginPage.getErrorMessage();\nconsole.log(errorMessage);\nexpect(errorMessage).to.match(/Thông tin Đăng nhập không hợp lệ/);",
              "err": {},
              "uuid": "1edefa3b-fcae-4adf-9098-a58c20e8c9c4",
              "parentUUID": "66ce7885-b97b-407a-96bc-a5eddf1409d6",
              "isHook": false,
              "skipped": false
            },
            {
              "title": "Login with valid credentials using mobile number",
              "fullTitle": "Login page test cases Login with valid credentials using mobile number",
              "timedOut": false,
              "duration": 5283,
              "state": "passed",
              "speed": "slow",
              "pass": true,
              "fail": false,
              "pending": false,
              "context": null,
              "code": "this.timeout(30000);\n  await loginPage.selectCountryCode();\n  await loginPage.enterMobileNumber(process.env.VALID_MNUMBER);\n  await loginPage.enterPassword(process.env.VALID_PASSWORD);\n  await loginPage.clickLogin();\n  await driver.sleep(5000);\n  const currentUrl = await driver.getCurrentUrl();\n  console.log(currentUrl);\n  expect(currentUrl.includes('/dashboard')).to.be.true;",
              "err": {},
              "uuid": "fd086c32-2c95-498b-ab3f-5e481ac1fa1c",
              "parentUUID": "66ce7885-b97b-407a-96bc-a5eddf1409d6",
              "isHook": false,
              "skipped": false
            },
            {
              "title": "Login with Invalid mobile number",
              "fullTitle": "Login page test cases Login with Invalid mobile number",
              "timedOut": false,
              "duration": 7938,
              "state": "passed",
              "speed": "slow",
              "pass": true,
              "fail": false,
              "pending": false,
              "context": null,
              "code": "this.timeout(30000);\n  await loginPage.selectCountryCode();\n  await loginPage.enterMobileNumber(process.env.INVALID_MNUMBER);\n  await loginPage.enterPassword(process.env.INVALID_PASSWORD);\n  await loginPage.clickLogin();\n   await driver.sleep(5000);\n  const errorMessage = await loginPage.getErrorMessage();\n  \n  expect(errorMessage).to.match(/Thông tin Đăng nhập không hợp lệ/);",
              "err": {},
              "uuid": "795cf630-cba1-4a29-89af-ba83755ee831",
              "parentUUID": "66ce7885-b97b-407a-96bc-a5eddf1409d6",
              "isHook": false,
              "skipped": false
            }
          ],
          "suites": [],
          "passes": [
            "bee2786c-79d0-42ab-915a-2dfb01c63c28",
            "1edefa3b-fcae-4adf-9098-a58c20e8c9c4",
            "fd086c32-2c95-498b-ab3f-5e481ac1fa1c",
            "795cf630-cba1-4a29-89af-ba83755ee831"
          ],
          "failures": [],
          "pending": [],
          "skipped": [],
          "duration": 25750,
          "root": false,
          "rootEmpty": false,
          "_timeout": 10000
        },
        {
          "uuid": "0eea325e-581e-486f-9c13-dbc3a8df6c25",
          "title": "Login page test cases",
          "fullFile": "/Users/acquaint/Selenium-js-automation/selenium-js-automation/test/testcases/parellelRunLogin.test.js",
          "file": "/test/testcases/parellelRunLogin.test.js",
          "beforeHooks": [
            {
              "title": "\"before each\" hook in \"Login page test cases\"",
              "fullTitle": "Login page test cases \"before each\" hook in \"Login page test cases\"",
              "timedOut": false,
              "duration": 9048,
              "state": null,
              "speed": null,
              "pass": false,
              "fail": false,
              "pending": false,
              "context": null,
              "code": "drivers = await getDrivers();\nloginPage = new LoginPage(drivers);\nthis.timeout(40000);\nawait loginPage.open();",
              "err": {},
              "uuid": "784c493d-2908-4d55-b483-bde77d16fa4e",
              "parentUUID": "0eea325e-581e-486f-9c13-dbc3a8df6c25",
              "isHook": true,
              "skipped": false
            }
          ],
          "afterHooks": [
            {
              "title": "\"after each\" hook in \"Login page test cases\"",
              "fullTitle": "Login page test cases \"after each\" hook in \"Login page test cases\"",
              "timedOut": false,
              "duration": 270,
              "state": null,
              "speed": null,
              "pass": false,
              "fail": false,
              "pending": false,
              "context": null,
              "code": "await quitDrivers();",
              "err": {},
              "uuid": "234f1871-e02b-4313-8788-8be4c56ef8c5",
              "parentUUID": "0eea325e-581e-486f-9c13-dbc3a8df6c25",
              "isHook": true,
              "skipped": false
            }
          ],
          "tests": [
            {
              "title": "Login with valid credentials using mobile number",
              "fullTitle": "Login page test cases Login with valid credentials using mobile number",
              "timedOut": false,
              "duration": 0,
              "state": "passed",
              "speed": "fast",
              "pass": true,
              "fail": false,
              "pending": false,
              "context": null,
              "code": "for (let browser in this.drivers){\nawait loginPage.selectCountryCode();\nawait loginPage.enterMobileNumber(process.env.VALID_MNUMBER);\nawait loginPage.enterPassword(process.env.VALID_PASSWORD);\nawait loginPage.clickLogin();\nconst currentUrl = await drivers[browser].getCurrentUrl();\nexpect(currentUrl.includes('/dashboard')).to.be.true;\n}",
              "err": {},
              "uuid": "678dae27-547c-4c20-9592-b160b3c25c5e",
              "parentUUID": "0eea325e-581e-486f-9c13-dbc3a8df6c25",
              "isHook": false,
              "skipped": false
            }
          ],
          "suites": [],
          "passes": [
            "678dae27-547c-4c20-9592-b160b3c25c5e"
          ],
          "failures": [],
          "pending": [],
          "skipped": [],
          "duration": 0,
          "root": false,
          "rootEmpty": false,
          "_timeout": 10000
        },
        {
          "uuid": "4029b52a-4d92-4b46-a10a-ed76516a6b09",
          "title": "Registration page test cases",
          "fullFile": "/Users/acquaint/Selenium-js-automation/selenium-js-automation/test/testcases/registration.test.js",
          "file": "/test/testcases/registration.test.js",
          "beforeHooks": [
            {
              "title": "\"before each\" hook in \"Registration page test cases\"",
              "fullTitle": "Registration page test cases \"before each\" hook in \"Registration page test cases\"",
              "timedOut": false,
              "duration": 2923,
              "state": null,
              "speed": null,
              "pass": false,
              "fail": false,
              "pending": false,
              "context": null,
              "code": "this.timeout(30000);\ndriver = await getDriver();\nregistrationPage = new RegistrationPage(driver);\nawait registrationPage.open();",
              "err": {},
              "uuid": "eb5b0db6-f1e3-43b3-84a6-8ccaba44349a",
              "parentUUID": "4029b52a-4d92-4b46-a10a-ed76516a6b09",
              "isHook": true,
              "skipped": false
            }
          ],
          "afterHooks": [
            {
              "title": "\"after each\" hook in \"Registration page test cases\"",
              "fullTitle": "Registration page test cases \"after each\" hook in \"Registration page test cases\"",
              "timedOut": false,
              "duration": 56,
              "state": null,
              "speed": null,
              "pass": false,
              "fail": false,
              "pending": false,
              "context": null,
              "code": "await quitDriver(driver);",
              "err": {},
              "uuid": "9099b004-86a3-471e-a83f-8aafa54cd15d",
              "parentUUID": "4029b52a-4d92-4b46-a10a-ed76516a6b09",
              "isHook": true,
              "skipped": false
            }
          ],
          "tests": [
            {
              "title": "Register with valid details",
              "fullTitle": "Registration page test cases Register with valid details",
              "timedOut": false,
              "duration": 14634,
              "state": "passed",
              "speed": "slow",
              "pass": true,
              "fail": false,
              "pending": false,
              "context": null,
              "code": "const fakeUser = getFakeUser();\nawait registrationPage.enterFullName(fakeUser.name);\nawait registrationPage.selectCountryCode();\nawait registrationPage.enterMobileNumber(fakeUser.phone);\nawait registrationPage.enterEmail(fakeUser.email);\nawait registrationPage.enterPassword(process.env.PASSWORD);\nawait registrationPage.enterConfirmPassword(process.env.CONFIRM_PASSWORD);\nawait registrationPage.acceptTermsAndConditions();\nawait registrationPage.clickRegister();\nconst valiationMessage = await registrationPage.getValidationMessage();\nexpect(valiationMessage).to.match(/Ghi danh thành công. Vui lòng xác minh email của bạn./);",
              "err": {},
              "uuid": "ec75af74-4e98-4aa8-820f-da8883c40c9f",
              "parentUUID": "4029b52a-4d92-4b46-a10a-ed76516a6b09",
              "isHook": false,
              "skipped": false
            },
            {
              "title": "Register with same email and mobile number",
              "fullTitle": "Registration page test cases Register with same email and mobile number",
              "timedOut": false,
              "duration": 6413,
              "state": "passed",
              "speed": "slow",
              "pass": true,
              "fail": false,
              "pending": false,
              "context": null,
              "code": "await registrationPage.enterFullName(process.env.FULL_NAME);\nawait registrationPage.selectCountryCode();\nawait registrationPage.enterMobileNumber(process.env.MNUMBER);\nawait registrationPage.enterEmail(process.env.EMAIL_ID);\nawait registrationPage.enterPassword(process.env.PASSWORD);\nawait registrationPage.enterConfirmPassword(process.env.CONFIRM_PASSWORD);\nawait registrationPage.acceptTermsAndConditions();\nawait registrationPage.clickRegister();\nconst ValidationMessage = await registrationPage.getValidationMessage();\nconsole.log(\"Message is: \", ValidationMessage);\nexpect(ValidationMessage).to.match(/Email hoặc số Điện thoại đã tồn tại./);",
              "err": {},
              "uuid": "6e22ca9c-0509-4b88-9eca-eb2df68c32ad",
              "parentUUID": "4029b52a-4d92-4b46-a10a-ed76516a6b09",
              "isHook": false,
              "skipped": false
            },
            {
              "title": "Register with invalid details",
              "fullTitle": "Registration page test cases Register with invalid details",
              "timedOut": false,
              "duration": 2466,
              "state": "passed",
              "speed": "slow",
              "pass": true,
              "fail": false,
              "pending": false,
              "context": null,
              "code": "await registrationPage.enterFullName(process.env.FULL_NAME);\nawait registrationPage.selectCountryCode();\nawait registrationPage.enterMobileNumber(process.env.INVALID_MNUMBER);\nawait registrationPage.enterEmail(process.env.INVALID_EMAIL);\nawait registrationPage.enterPassword(process.env.INVALID_PASSWORD);\nawait registrationPage.enterConfirmPassword(process.env.PASSWORD);\nawait registrationPage.acceptTermsAndConditions();\nawait registrationPage.clickRegister();\nconst currentUrl = await driver.getCurrentUrl();\nexpect(currentUrl.includes('/registration')).to.be.true;",
              "err": {},
              "uuid": "83489150-eb7d-44a8-9087-5cc925ce3ac6",
              "parentUUID": "4029b52a-4d92-4b46-a10a-ed76516a6b09",
              "isHook": false,
              "skipped": false
            }
          ],
          "suites": [],
          "passes": [
            "ec75af74-4e98-4aa8-820f-da8883c40c9f",
            "6e22ca9c-0509-4b88-9eca-eb2df68c32ad",
            "83489150-eb7d-44a8-9087-5cc925ce3ac6"
          ],
          "failures": [],
          "pending": [],
          "skipped": [],
          "duration": 23513,
          "root": false,
          "rootEmpty": false,
          "_timeout": 30000
        }
      ],
      "passes": [],
      "failures": [],
      "pending": [],
      "skipped": [],
      "duration": 0,
      "root": true,
      "rootEmpty": true,
      "_timeout": 10000
    }
  ],
  "meta": {
    "mocha": {
      "version": "11.7.2"
    },
    "mochawesome": {
      "options": {
        "quiet": true,
        "reportFilename": "report",
        "saveHtml": false,
        "saveJson": true,
        "consoleReporter": "spec",
        "useInlineDiffs": false,
        "code": true
      },
      "version": "7.1.3"
    },
    "marge": {
      "options": {
        "id": "default",
        "reportDir": "mochawesome-report",
        "reportFilename": "report",
        "quiet": true,
        "overwrite": false,
        "html": false,
        "json": true
      },
      "version": "6.2.0"
    }
  }
}